{"/mnt/c/Users/Mateo/Desktop/api-users-wallets/src/app.ts": {"path":"/mnt/c/Users/Mateo/Desktop/api-users-wallets/src/app.ts","statementMap":{"0":{"start":{"line":1,"column":0},"end":{"line":1,"column":47}},"1":{"start":{"line":2,"column":0},"end":{"line":2,"column":24}},"2":{"start":{"line":3,"column":0},"end":{"line":3,"column":28}},"3":{"start":{"line":4,"column":0},"end":{"line":4,"column":30}},"4":{"start":{"line":5,"column":0},"end":{"line":5,"column":61}},"5":{"start":{"line":7,"column":0},"end":{"line":7,"column":16}},"6":{"start":{"line":9,"column":25},"end":{"line":9,"column":34}},"7":{"start":{"line":12,"column":0},"end":{"line":12,"column":16}},"8":{"start":{"line":13,"column":0},"end":{"line":13,"column":24}},"9":{"start":{"line":14,"column":0},"end":{"line":14,"column":48}},"10":{"start":{"line":17,"column":0},"end":{"line":17,"column":24}},"11":{"start":{"line":20,"column":0},"end":{"line":22,"column":3}},"12":{"start":{"line":21,"column":2},"end":{"line":21,"column":56}},"13":{"start":{"line":25,"column":0},"end":{"line":25,"column":22}},"14":{"start":{"line":28,"column":0},"end":{"line":30,"column":3}},"15":{"start":{"line":29,"column":2},"end":{"line":29,"column":53}},"16":{"start":{"line":32,"column":0},"end":{"line":32,"column":19}}},"fnMap":{"0":{"name":"(anonymous_1)","decl":{"start":{"line":20,"column":19},"end":{"line":20,"column":20}},"loc":{"start":{"line":20,"column":32},"end":{"line":22,"column":1}}},"1":{"name":"(anonymous_2)","decl":{"start":{"line":28,"column":8},"end":{"line":28,"column":9}},"loc":{"start":{"line":28,"column":21},"end":{"line":30,"column":1}}}},"branchMap":{},"s":{"0":2,"1":2,"2":2,"3":2,"4":2,"5":2,"6":2,"7":2,"8":2,"9":2,"10":2,"11":2,"12":0,"13":2,"14":2,"15":0,"16":2},"f":{"0":0,"1":0},"b":{}}
,"/mnt/c/Users/Mateo/Desktop/api-users-wallets/src/controllers/user.controller.ts": {"path":"/mnt/c/Users/Mateo/Desktop/api-users-wallets/src/controllers/user.controller.ts","statementMap":{"0":{"start":{"line":2,"column":0},"end":{"line":2,"column":55}},"1":{"start":{"line":3,"column":0},"end":{"line":3,"column":63}},"2":{"start":{"line":5,"column":20},"end":{"line":5,"column":37}},"3":{"start":{"line":9,"column":4},"end":{"line":23,"column":5}},"4":{"start":{"line":10,"column":34},"end":{"line":10,"column":42}},"5":{"start":{"line":11,"column":21},"end":{"line":11,"column":66}},"6":{"start":{"line":13,"column":6},"end":{"line":17,"column":9}},"7":{"start":{"line":19,"column":6},"end":{"line":22,"column":9}},"8":{"start":{"line":27,"column":4},"end":{"line":41,"column":5}},"9":{"start":{"line":28,"column":34},"end":{"line":28,"column":42}},"10":{"start":{"line":29,"column":21},"end":{"line":29,"column":66}},"11":{"start":{"line":31,"column":6},"end":{"line":35,"column":9}},"12":{"start":{"line":37,"column":6},"end":{"line":40,"column":9}},"13":{"start":{"line":45,"column":4},"end":{"line":65,"column":5}},"14":{"start":{"line":47,"column":25},"end":{"line":47,"column":50}},"15":{"start":{"line":49,"column":6},"end":{"line":54,"column":7}},"16":{"start":{"line":50,"column":22},"end":{"line":50,"column":45}},"17":{"start":{"line":53,"column":8},"end":{"line":53,"column":30}},"18":{"start":{"line":56,"column":6},"end":{"line":59,"column":9}},"19":{"start":{"line":61,"column":6},"end":{"line":64,"column":9}},"20":{"start":{"line":7,"column":0},"end":{"line":7,"column":13}}},"fnMap":{"0":{"name":"(anonymous_0)","decl":{"start":{"line":8,"column":2},"end":{"line":8,"column":7}},"loc":{"start":{"line":8,"column":42},"end":{"line":24,"column":3}}},"1":{"name":"(anonymous_1)","decl":{"start":{"line":26,"column":2},"end":{"line":26,"column":7}},"loc":{"start":{"line":26,"column":42},"end":{"line":42,"column":3}}},"2":{"name":"(anonymous_2)","decl":{"start":{"line":44,"column":2},"end":{"line":44,"column":7}},"loc":{"start":{"line":44,"column":43},"end":{"line":66,"column":3}}}},"branchMap":{"0":{"loc":{"start":{"line":21,"column":15},"end":{"line":21,"column":55}},"type":"binary-expr","locations":[{"start":{"line":21,"column":15},"end":{"line":21,"column":28}},{"start":{"line":21,"column":32},"end":{"line":21,"column":55}}]},"1":{"loc":{"start":{"line":39,"column":15},"end":{"line":39,"column":53}},"type":"binary-expr","locations":[{"start":{"line":39,"column":15},"end":{"line":39,"column":28}},{"start":{"line":39,"column":32},"end":{"line":39,"column":53}}]},"2":{"loc":{"start":{"line":49,"column":6},"end":{"line":54,"column":7}},"type":"if","locations":[{"start":{"line":49,"column":6},"end":{"line":54,"column":7}},{"start":{},"end":{}}]},"3":{"loc":{"start":{"line":49,"column":10},"end":{"line":49,"column":56}},"type":"binary-expr","locations":[{"start":{"line":49,"column":10},"end":{"line":49,"column":20}},{"start":{"line":49,"column":24},"end":{"line":49,"column":56}}]},"4":{"loc":{"start":{"line":63,"column":15},"end":{"line":63,"column":52}},"type":"binary-expr","locations":[{"start":{"line":63,"column":15},"end":{"line":63,"column":28}},{"start":{"line":63,"column":32},"end":{"line":63,"column":52}}]}},"s":{"0":2,"1":2,"2":2,"3":2,"4":2,"5":2,"6":1,"7":1,"8":4,"9":4,"10":4,"11":2,"12":2,"13":1,"14":1,"15":1,"16":1,"17":1,"18":1,"19":0,"20":2},"f":{"0":2,"1":4,"2":1},"b":{"0":[1,0],"1":[2,0],"2":[1,0],"3":[1,1],"4":[0,0]}}
,"/mnt/c/Users/Mateo/Desktop/api-users-wallets/src/controllers/wallet.controller.ts": {"path":"/mnt/c/Users/Mateo/Desktop/api-users-wallets/src/controllers/wallet.controller.ts","statementMap":{"0":{"start":{"line":2,"column":0},"end":{"line":2,"column":59}},"1":{"start":{"line":5,"column":22},"end":{"line":5,"column":41}},"2":{"start":{"line":9,"column":4},"end":{"line":18,"column":5}},"3":{"start":{"line":10,"column":21},"end":{"line":10,"column":32}},"4":{"start":{"line":11,"column":22},"end":{"line":11,"column":68}},"5":{"start":{"line":12,"column":6},"end":{"line":12,"column":24}},"6":{"start":{"line":14,"column":6},"end":{"line":17,"column":9}},"7":{"start":{"line":22,"column":4},"end":{"line":44,"column":5}},"8":{"start":{"line":23,"column":21},"end":{"line":23,"column":31}},"9":{"start":{"line":24,"column":21},"end":{"line":24,"column":32}},"10":{"start":{"line":25,"column":21},"end":{"line":25,"column":66}},"11":{"start":{"line":26,"column":6},"end":{"line":26,"column":23}},"12":{"start":{"line":28,"column":6},"end":{"line":43,"column":7}},"13":{"start":{"line":29,"column":8},"end":{"line":32,"column":11}},"14":{"start":{"line":33,"column":13},"end":{"line":43,"column":7}},"15":{"start":{"line":34,"column":8},"end":{"line":37,"column":11}},"16":{"start":{"line":39,"column":8},"end":{"line":42,"column":11}},"17":{"start":{"line":48,"column":4},"end":{"line":77,"column":5}},"18":{"start":{"line":49,"column":21},"end":{"line":49,"column":32}},"19":{"start":{"line":50,"column":38},"end":{"line":50,"column":46}},"20":{"start":{"line":52,"column":21},"end":{"line":57,"column":8}},"21":{"start":{"line":59,"column":6},"end":{"line":59,"column":35}},"22":{"start":{"line":61,"column":6},"end":{"line":76,"column":7}},"23":{"start":{"line":62,"column":8},"end":{"line":65,"column":11}},"24":{"start":{"line":66,"column":13},"end":{"line":76,"column":7}},"25":{"start":{"line":67,"column":8},"end":{"line":70,"column":11}},"26":{"start":{"line":72,"column":8},"end":{"line":75,"column":11}},"27":{"start":{"line":81,"column":4},"end":{"line":125,"column":5}},"28":{"start":{"line":82,"column":21},"end":{"line":82,"column":31}},"29":{"start":{"line":83,"column":21},"end":{"line":83,"column":32}},"30":{"start":{"line":84,"column":38},"end":{"line":84,"column":46}},"31":{"start":{"line":87,"column":30},"end":{"line":87,"column":32}},"32":{"start":{"line":88,"column":6},"end":{"line":88,"column":58}},"33":{"start":{"line":88,"column":29},"end":{"line":88,"column":58}},"34":{"start":{"line":89,"column":6},"end":{"line":89,"column":56}},"35":{"start":{"line":89,"column":31},"end":{"line":89,"column":56}},"36":{"start":{"line":90,"column":6},"end":{"line":90,"column":62}},"37":{"start":{"line":90,"column":33},"end":{"line":90,"column":62}},"38":{"start":{"line":93,"column":6},"end":{"line":99,"column":7}},"39":{"start":{"line":94,"column":8},"end":{"line":97,"column":11}},"40":{"start":{"line":98,"column":8},"end":{"line":98,"column":15}},"41":{"start":{"line":101,"column":21},"end":{"line":101,"column":77}},"42":{"start":{"line":102,"column":6},"end":{"line":102,"column":23}},"43":{"start":{"line":104,"column":6},"end":{"line":124,"column":7}},"44":{"start":{"line":105,"column":8},"end":{"line":108,"column":11}},"45":{"start":{"line":109,"column":13},"end":{"line":124,"column":7}},"46":{"start":{"line":110,"column":8},"end":{"line":113,"column":11}},"47":{"start":{"line":114,"column":13},"end":{"line":124,"column":7}},"48":{"start":{"line":115,"column":8},"end":{"line":118,"column":11}},"49":{"start":{"line":120,"column":8},"end":{"line":123,"column":11}},"50":{"start":{"line":129,"column":4},"end":{"line":155,"column":5}},"51":{"start":{"line":130,"column":21},"end":{"line":130,"column":31}},"52":{"start":{"line":131,"column":21},"end":{"line":131,"column":32}},"53":{"start":{"line":133,"column":6},"end":{"line":133,"column":51}},"54":{"start":{"line":134,"column":6},"end":{"line":137,"column":9}},"55":{"start":{"line":139,"column":6},"end":{"line":154,"column":7}},"56":{"start":{"line":140,"column":8},"end":{"line":143,"column":11}},"57":{"start":{"line":144,"column":13},"end":{"line":154,"column":7}},"58":{"start":{"line":145,"column":8},"end":{"line":148,"column":11}},"59":{"start":{"line":150,"column":8},"end":{"line":153,"column":11}},"60":{"start":{"line":7,"column":0},"end":{"line":7,"column":13}}},"fnMap":{"0":{"name":"(anonymous_0)","decl":{"start":{"line":8,"column":2},"end":{"line":8,"column":7}},"loc":{"start":{"line":8,"column":53},"end":{"line":19,"column":3}}},"1":{"name":"(anonymous_1)","decl":{"start":{"line":21,"column":2},"end":{"line":21,"column":7}},"loc":{"start":{"line":21,"column":53},"end":{"line":45,"column":3}}},"2":{"name":"(anonymous_2)","decl":{"start":{"line":47,"column":2},"end":{"line":47,"column":7}},"loc":{"start":{"line":47,"column":52},"end":{"line":78,"column":3}}},"3":{"name":"(anonymous_3)","decl":{"start":{"line":80,"column":2},"end":{"line":80,"column":7}},"loc":{"start":{"line":80,"column":52},"end":{"line":126,"column":3}}},"4":{"name":"(anonymous_4)","decl":{"start":{"line":128,"column":2},"end":{"line":128,"column":7}},"loc":{"start":{"line":128,"column":52},"end":{"line":156,"column":3}}}},"branchMap":{"0":{"loc":{"start":{"line":16,"column":15},"end":{"line":16,"column":55}},"type":"binary-expr","locations":[{"start":{"line":16,"column":15},"end":{"line":16,"column":28}},{"start":{"line":16,"column":32},"end":{"line":16,"column":55}}]},"1":{"loc":{"start":{"line":28,"column":6},"end":{"line":43,"column":7}},"type":"if","locations":[{"start":{"line":28,"column":6},"end":{"line":43,"column":7}},{"start":{"line":33,"column":13},"end":{"line":43,"column":7}}]},"2":{"loc":{"start":{"line":33,"column":13},"end":{"line":43,"column":7}},"type":"if","locations":[{"start":{"line":33,"column":13},"end":{"line":43,"column":7}},{"start":{"line":38,"column":13},"end":{"line":43,"column":7}}]},"3":{"loc":{"start":{"line":41,"column":17},"end":{"line":41,"column":57}},"type":"binary-expr","locations":[{"start":{"line":41,"column":17},"end":{"line":41,"column":30}},{"start":{"line":41,"column":34},"end":{"line":41,"column":57}}]},"4":{"loc":{"start":{"line":61,"column":6},"end":{"line":76,"column":7}},"type":"if","locations":[{"start":{"line":61,"column":6},"end":{"line":76,"column":7}},{"start":{"line":66,"column":13},"end":{"line":76,"column":7}}]},"5":{"loc":{"start":{"line":66,"column":13},"end":{"line":76,"column":7}},"type":"if","locations":[{"start":{"line":66,"column":13},"end":{"line":76,"column":7}},{"start":{"line":71,"column":13},"end":{"line":76,"column":7}}]},"6":{"loc":{"start":{"line":74,"column":17},"end":{"line":74,"column":57}},"type":"binary-expr","locations":[{"start":{"line":74,"column":17},"end":{"line":74,"column":30}},{"start":{"line":74,"column":34},"end":{"line":74,"column":57}}]},"7":{"loc":{"start":{"line":88,"column":6},"end":{"line":88,"column":58}},"type":"if","locations":[{"start":{"line":88,"column":6},"end":{"line":88,"column":58}},{"start":{},"end":{}}]},"8":{"loc":{"start":{"line":88,"column":46},"end":{"line":88,"column":57}},"type":"binary-expr","locations":[{"start":{"line":88,"column":46},"end":{"line":88,"column":49}},{"start":{"line":88,"column":53},"end":{"line":88,"column":57}}]},"9":{"loc":{"start":{"line":89,"column":6},"end":{"line":89,"column":56}},"type":"if","locations":[{"start":{"line":89,"column":6},"end":{"line":89,"column":56}},{"start":{},"end":{}}]},"10":{"loc":{"start":{"line":90,"column":6},"end":{"line":90,"column":62}},"type":"if","locations":[{"start":{"line":90,"column":6},"end":{"line":90,"column":62}},{"start":{},"end":{}}]},"11":{"loc":{"start":{"line":93,"column":6},"end":{"line":99,"column":7}},"type":"if","locations":[{"start":{"line":93,"column":6},"end":{"line":99,"column":7}},{"start":{},"end":{}}]},"12":{"loc":{"start":{"line":104,"column":6},"end":{"line":124,"column":7}},"type":"if","locations":[{"start":{"line":104,"column":6},"end":{"line":124,"column":7}},{"start":{"line":109,"column":13},"end":{"line":124,"column":7}}]},"13":{"loc":{"start":{"line":109,"column":13},"end":{"line":124,"column":7}},"type":"if","locations":[{"start":{"line":109,"column":13},"end":{"line":124,"column":7}},{"start":{"line":114,"column":13},"end":{"line":124,"column":7}}]},"14":{"loc":{"start":{"line":114,"column":13},"end":{"line":124,"column":7}},"type":"if","locations":[{"start":{"line":114,"column":13},"end":{"line":124,"column":7}},{"start":{"line":119,"column":13},"end":{"line":124,"column":7}}]},"15":{"loc":{"start":{"line":122,"column":17},"end":{"line":122,"column":57}},"type":"binary-expr","locations":[{"start":{"line":122,"column":17},"end":{"line":122,"column":30}},{"start":{"line":122,"column":34},"end":{"line":122,"column":57}}]},"16":{"loc":{"start":{"line":139,"column":6},"end":{"line":154,"column":7}},"type":"if","locations":[{"start":{"line":139,"column":6},"end":{"line":154,"column":7}},{"start":{"line":144,"column":13},"end":{"line":154,"column":7}}]},"17":{"loc":{"start":{"line":144,"column":13},"end":{"line":154,"column":7}},"type":"if","locations":[{"start":{"line":144,"column":13},"end":{"line":154,"column":7}},{"start":{"line":149,"column":13},"end":{"line":154,"column":7}}]},"18":{"loc":{"start":{"line":152,"column":17},"end":{"line":152,"column":57}},"type":"binary-expr","locations":[{"start":{"line":152,"column":17},"end":{"line":152,"column":30}},{"start":{"line":152,"column":34},"end":{"line":152,"column":57}}]}},"s":{"0":2,"1":2,"2":3,"3":3,"4":3,"5":3,"6":0,"7":4,"8":4,"9":4,"10":4,"11":1,"12":3,"13":2,"14":1,"15":1,"16":0,"17":3,"18":3,"19":3,"20":3,"21":2,"22":1,"23":1,"24":0,"25":0,"26":0,"27":5,"28":5,"29":5,"30":5,"31":5,"32":5,"33":1,"34":5,"35":4,"36":5,"37":1,"38":5,"39":1,"40":1,"41":4,"42":2,"43":2,"44":1,"45":1,"46":1,"47":0,"48":0,"49":0,"50":3,"51":3,"52":3,"53":3,"54":1,"55":2,"56":1,"57":1,"58":1,"59":0,"60":2},"f":{"0":3,"1":4,"2":3,"3":5,"4":3},"b":{"0":[0,0],"1":[2,1],"2":[1,0],"3":[0,0],"4":[1,0],"5":[0,0],"6":[0,0],"7":[1,4],"8":[1,0],"9":[4,1],"10":[1,4],"11":[1,4],"12":[1,1],"13":[1,0],"14":[0,0],"15":[0,0],"16":[1,1],"17":[1,0],"18":[0,0]}}
,"/mnt/c/Users/Mateo/Desktop/api-users-wallets/src/entities/User.ts": {"path":"/mnt/c/Users/Mateo/Desktop/api-users-wallets/src/entities/User.ts","statementMap":{"0":{"start":{"line":1,"column":0},"end":{"line":1,"column":112}},"1":{"start":{"line":2,"column":0},"end":{"line":2,"column":34}},"2":{"start":{"line":5,"column":7},"end":{"line":23,"column":null}},"3":{"start":{"line":5,"column":13},"end":{"line":5,"column":17}},"4":{"start":{"line":7,"column":2},"end":{"line":7,"column":null}},"5":{"start":{"line":10,"column":2},"end":{"line":10,"column":null}},"6":{"start":{"line":13,"column":2},"end":{"line":13,"column":null}},"7":{"start":{"line":16,"column":2},"end":{"line":16,"column":null}},"8":{"start":{"line":19,"column":2},"end":{"line":19,"column":null}},"9":{"start":{"line":22,"column":2},"end":{"line":22,"column":null}},"10":{"start":{"line":21,"column":19},"end":{"line":21,"column":25}},"11":{"start":{"line":21,"column":39},"end":{"line":21,"column":50}},"12":{"start":{"line":5,"column":13},"end":{"line":23,"column":null}}},"fnMap":{"0":{"name":"(anonymous_2)","decl":{"start":{"line":21,"column":13},"end":{"line":21,"column":16}},"loc":{"start":{"line":21,"column":19},"end":{"line":21,"column":25}}},"1":{"name":"(anonymous_3)","decl":{"start":{"line":21,"column":27},"end":{"line":21,"column":28}},"loc":{"start":{"line":21,"column":39},"end":{"line":21,"column":50}}}},"branchMap":{},"s":{"0":5,"1":5,"2":5,"3":5,"4":5,"5":5,"6":5,"7":5,"8":5,"9":5,"10":5,"11":5,"12":5},"f":{"0":5,"1":5},"b":{}}
,"/mnt/c/Users/Mateo/Desktop/api-users-wallets/src/entities/Wallet.ts": {"path":"/mnt/c/Users/Mateo/Desktop/api-users-wallets/src/entities/Wallet.ts","statementMap":{"0":{"start":{"line":1,"column":0},"end":{"line":1,"column":124}},"1":{"start":{"line":2,"column":0},"end":{"line":2,"column":30}},"2":{"start":{"line":5,"column":7},"end":{"line":30,"column":null}},"3":{"start":{"line":5,"column":13},"end":{"line":5,"column":19}},"4":{"start":{"line":7,"column":2},"end":{"line":7,"column":null}},"5":{"start":{"line":11,"column":2},"end":{"line":11,"column":null}},"6":{"start":{"line":9,"column":19},"end":{"line":9,"column":23}},"7":{"start":{"line":9,"column":35},"end":{"line":9,"column":47}},"8":{"start":{"line":14,"column":2},"end":{"line":14,"column":null}},"9":{"start":{"line":17,"column":2},"end":{"line":17,"column":null}},"10":{"start":{"line":20,"column":2},"end":{"line":20,"column":null}},"11":{"start":{"line":23,"column":2},"end":{"line":23,"column":null}},"12":{"start":{"line":26,"column":2},"end":{"line":26,"column":null}},"13":{"start":{"line":29,"column":2},"end":{"line":29,"column":null}},"14":{"start":{"line":5,"column":13},"end":{"line":30,"column":null}}},"fnMap":{"0":{"name":"(anonymous_2)","decl":{"start":{"line":9,"column":13},"end":{"line":9,"column":16}},"loc":{"start":{"line":9,"column":19},"end":{"line":9,"column":23}}},"1":{"name":"(anonymous_3)","decl":{"start":{"line":9,"column":25},"end":{"line":9,"column":26}},"loc":{"start":{"line":9,"column":35},"end":{"line":9,"column":47}}}},"branchMap":{},"s":{"0":5,"1":5,"2":5,"3":5,"4":5,"5":5,"6":5,"7":5,"8":5,"9":5,"10":5,"11":5,"12":5,"13":5,"14":5},"f":{"0":5,"1":5},"b":{}}
,"/mnt/c/Users/Mateo/Desktop/api-users-wallets/src/middleware/auth.middleware.ts": {"path":"/mnt/c/Users/Mateo/Desktop/api-users-wallets/src/middleware/auth.middleware.ts","statementMap":{"0":{"start":{"line":2,"column":0},"end":{"line":2,"column":48}},"1":{"start":{"line":3,"column":0},"end":{"line":3,"column":67}},"2":{"start":{"line":9,"column":28},"end":{"line":58,"column":1}},"3":{"start":{"line":10,"column":2},"end":{"line":57,"column":3}},"4":{"start":{"line":11,"column":23},"end":{"line":11,"column":48}},"5":{"start":{"line":13,"column":4},"end":{"line":19,"column":5}},"6":{"start":{"line":14,"column":6},"end":{"line":17,"column":9}},"7":{"start":{"line":18,"column":6},"end":{"line":18,"column":13}},"8":{"start":{"line":21,"column":18},"end":{"line":21,"column":41}},"9":{"start":{"line":23,"column":4},"end":{"line":29,"column":5}},"10":{"start":{"line":24,"column":6},"end":{"line":27,"column":9}},"11":{"start":{"line":28,"column":6},"end":{"line":28,"column":13}},"12":{"start":{"line":32,"column":4},"end":{"line":38,"column":5}},"13":{"start":{"line":33,"column":6},"end":{"line":36,"column":9}},"14":{"start":{"line":37,"column":6},"end":{"line":37,"column":13}},"15":{"start":{"line":40,"column":4},"end":{"line":50,"column":5}},"16":{"start":{"line":41,"column":22},"end":{"line":41,"column":40}},"17":{"start":{"line":42,"column":6},"end":{"line":42,"column":34}},"18":{"start":{"line":43,"column":6},"end":{"line":43,"column":13}},"19":{"start":{"line":45,"column":6},"end":{"line":48,"column":9}},"20":{"start":{"line":49,"column":6},"end":{"line":49,"column":13}},"21":{"start":{"line":52,"column":4},"end":{"line":55,"column":7}},"22":{"start":{"line":56,"column":4},"end":{"line":56,"column":11}},"23":{"start":{"line":9,"column":13},"end":{"line":9,"column":28}}},"fnMap":{"0":{"name":"(anonymous_0)","decl":{"start":{"line":9,"column":28},"end":{"line":9,"column":29}},"loc":{"start":{"line":9,"column":90},"end":{"line":58,"column":1}}}},"branchMap":{"0":{"loc":{"start":{"line":13,"column":4},"end":{"line":19,"column":5}},"type":"if","locations":[{"start":{"line":13,"column":4},"end":{"line":19,"column":5}},{"start":{},"end":{}}]},"1":{"loc":{"start":{"line":13,"column":8},"end":{"line":13,"column":56}},"type":"binary-expr","locations":[{"start":{"line":13,"column":8},"end":{"line":13,"column":19}},{"start":{"line":13,"column":23},"end":{"line":13,"column":56}}]},"2":{"loc":{"start":{"line":23,"column":4},"end":{"line":29,"column":5}},"type":"if","locations":[{"start":{"line":23,"column":4},"end":{"line":29,"column":5}},{"start":{},"end":{}}]},"3":{"loc":{"start":{"line":23,"column":8},"end":{"line":23,"column":37}},"type":"binary-expr","locations":[{"start":{"line":23,"column":8},"end":{"line":23,"column":14}},{"start":{"line":23,"column":18},"end":{"line":23,"column":37}}]},"4":{"loc":{"start":{"line":32,"column":4},"end":{"line":38,"column":5}},"type":"if","locations":[{"start":{"line":32,"column":4},"end":{"line":38,"column":5}},{"start":{},"end":{}}]}},"s":{"0":2,"1":2,"2":2,"3":27,"4":27,"5":27,"6":3,"7":3,"8":24,"9":24,"10":0,"11":0,"12":24,"13":1,"14":1,"15":23,"16":23,"17":22,"18":22,"19":1,"20":1,"21":0,"22":0,"23":2},"f":{"0":27},"b":{"0":[3,24],"1":[27,24],"2":[0,24],"3":[24,24],"4":[1,23]}}
,"/mnt/c/Users/Mateo/Desktop/api-users-wallets/src/middleware/error.middleware.ts": {"path":"/mnt/c/Users/Mateo/Desktop/api-users-wallets/src/middleware/error.middleware.ts","statementMap":{"0":{"start":{"line":7,"column":28},"end":{"line":22,"column":1}},"1":{"start":{"line":13,"column":21},"end":{"line":13,"column":42}},"2":{"start":{"line":14,"column":18},"end":{"line":14,"column":56}},"3":{"start":{"line":16,"column":2},"end":{"line":16,"column":31}},"4":{"start":{"line":18,"column":2},"end":{"line":21,"column":5}},"5":{"start":{"line":7,"column":13},"end":{"line":7,"column":28}}},"fnMap":{"0":{"name":"(anonymous_0)","decl":{"start":{"line":7,"column":28},"end":{"line":7,"column":null}},"loc":{"start":{"line":12,"column":10},"end":{"line":22,"column":1}}}},"branchMap":{"0":{"loc":{"start":{"line":13,"column":21},"end":{"line":13,"column":42}},"type":"binary-expr","locations":[{"start":{"line":13,"column":21},"end":{"line":13,"column":35}},{"start":{"line":13,"column":39},"end":{"line":13,"column":42}}]},"1":{"loc":{"start":{"line":14,"column":18},"end":{"line":14,"column":56}},"type":"binary-expr","locations":[{"start":{"line":14,"column":18},"end":{"line":14,"column":29}},{"start":{"line":14,"column":33},"end":{"line":14,"column":56}}]},"2":{"loc":{"start":{"line":20,"column":8},"end":{"line":20,"column":70}},"type":"binary-expr","locations":[{"start":{"line":20,"column":8},"end":{"line":20,"column":46}},{"start":{"line":20,"column":50},"end":{"line":20,"column":70}}]}},"s":{"0":2,"1":0,"2":0,"3":0,"4":0,"5":2},"f":{"0":0},"b":{"0":[0,0],"1":[0,0],"2":[0,0]}}
,"/mnt/c/Users/Mateo/Desktop/api-users-wallets/src/middleware/validate.middleware.ts": {"path":"/mnt/c/Users/Mateo/Desktop/api-users-wallets/src/middleware/validate.middleware.ts","statementMap":{"0":{"start":{"line":2,"column":0},"end":{"line":2,"column":53}},"1":{"start":{"line":4,"column":31},"end":{"line":20,"column":1}},"2":{"start":{"line":5,"column":17},"end":{"line":5,"column":38}},"3":{"start":{"line":6,"column":2},"end":{"line":18,"column":3}},"4":{"start":{"line":7,"column":28},"end":{"line":10,"column":7}},"5":{"start":{"line":7,"column":59},"end":{"line":10,"column":6}},"6":{"start":{"line":12,"column":4},"end":{"line":16,"column":7}},"7":{"start":{"line":17,"column":4},"end":{"line":17,"column":11}},"8":{"start":{"line":19,"column":2},"end":{"line":19,"column":9}},"9":{"start":{"line":4,"column":13},"end":{"line":4,"column":31}}},"fnMap":{"0":{"name":"(anonymous_0)","decl":{"start":{"line":4,"column":31},"end":{"line":4,"column":32}},"loc":{"start":{"line":4,"column":89},"end":{"line":20,"column":1}}},"1":{"name":"(anonymous_1)","decl":{"start":{"line":7,"column":47},"end":{"line":7,"column":48}},"loc":{"start":{"line":7,"column":59},"end":{"line":10,"column":6}}}},"branchMap":{"0":{"loc":{"start":{"line":6,"column":2},"end":{"line":18,"column":3}},"type":"if","locations":[{"start":{"line":6,"column":2},"end":{"line":18,"column":3}},{"start":{},"end":{}}]},"1":{"loc":{"start":{"line":8,"column":13},"end":{"line":8,"column":60}},"type":"cond-expr","locations":[{"start":{"line":8,"column":38},"end":{"line":8,"column":48}},{"start":{"line":8,"column":51},"end":{"line":8,"column":60}}]}},"s":{"0":3,"1":3,"2":36,"3":36,"4":14,"5":21,"6":14,"7":14,"8":22,"9":3},"f":{"0":36,"1":21},"b":{"0":[14,22],"1":[20,1]}}
,"/mnt/c/Users/Mateo/Desktop/api-users-wallets/src/routes/user.routes.ts": {"path":"/mnt/c/Users/Mateo/Desktop/api-users-wallets/src/routes/user.routes.ts","statementMap":{"0":{"start":{"line":1,"column":0},"end":{"line":1,"column":30}},"1":{"start":{"line":2,"column":0},"end":{"line":2,"column":41}},"2":{"start":{"line":3,"column":0},"end":{"line":3,"column":64}},"3":{"start":{"line":4,"column":0},"end":{"line":4,"column":68}},"4":{"start":{"line":5,"column":0},"end":{"line":5,"column":61}},"5":{"start":{"line":7,"column":15},"end":{"line":7,"column":31}},"6":{"start":{"line":8,"column":23},"end":{"line":8,"column":43}},"7":{"start":{"line":11,"column":0},"end":{"line":27,"column":2}},"8":{"start":{"line":26,"column":16},"end":{"line":26,"column":47}},"9":{"start":{"line":30,"column":0},"end":{"line":48,"column":2}},"10":{"start":{"line":47,"column":16},"end":{"line":47,"column":47}},"11":{"start":{"line":51,"column":0},"end":{"line":51,"column":86}},"12":{"start":{"line":51,"column":52},"end":{"line":51,"column":84}},"13":{"start":{"line":53,"column":0},"end":{"line":53,"column":22}}},"fnMap":{"0":{"name":"(anonymous_1)","decl":{"start":{"line":26,"column":2},"end":{"line":26,"column":3}},"loc":{"start":{"line":26,"column":16},"end":{"line":26,"column":47}}},"1":{"name":"(anonymous_2)","decl":{"start":{"line":47,"column":2},"end":{"line":47,"column":3}},"loc":{"start":{"line":47,"column":16},"end":{"line":47,"column":47}}},"2":{"name":"(anonymous_3)","decl":{"start":{"line":51,"column":38},"end":{"line":51,"column":39}},"loc":{"start":{"line":51,"column":52},"end":{"line":51,"column":84}}}},"branchMap":{},"s":{"0":2,"1":2,"2":2,"3":2,"4":2,"5":2,"6":2,"7":2,"8":2,"9":2,"10":4,"11":2,"12":1,"13":2},"f":{"0":2,"1":4,"2":1},"b":{}}
,"/mnt/c/Users/Mateo/Desktop/api-users-wallets/src/routes/wallet.routes.ts": {"path":"/mnt/c/Users/Mateo/Desktop/api-users-wallets/src/routes/wallet.routes.ts","statementMap":{"0":{"start":{"line":1,"column":0},"end":{"line":1,"column":53}},"1":{"start":{"line":2,"column":0},"end":{"line":2,"column":48}},"2":{"start":{"line":3,"column":0},"end":{"line":3,"column":68}},"3":{"start":{"line":4,"column":0},"end":{"line":4,"column":74}},"4":{"start":{"line":5,"column":0},"end":{"line":5,"column":68}},"5":{"start":{"line":7,"column":15},"end":{"line":7,"column":31}},"6":{"start":{"line":8,"column":25},"end":{"line":8,"column":47}},"7":{"start":{"line":11,"column":0},"end":{"line":11,"column":25}},"8":{"start":{"line":14,"column":0},"end":{"line":14,"column":95}},"9":{"start":{"line":14,"column":53},"end":{"line":14,"column":93}},"10":{"start":{"line":17,"column":0},"end":{"line":22,"column":2}},"11":{"start":{"line":21,"column":39},"end":{"line":21,"column":79}},"12":{"start":{"line":25,"column":0},"end":{"line":51,"column":2}},"13":{"start":{"line":50,"column":39},"end":{"line":50,"column":78}},"14":{"start":{"line":54,"column":0},"end":{"line":83,"column":2}},"15":{"start":{"line":82,"column":39},"end":{"line":82,"column":78}},"16":{"start":{"line":86,"column":0},"end":{"line":91,"column":2}},"17":{"start":{"line":90,"column":39},"end":{"line":90,"column":78}},"18":{"start":{"line":93,"column":0},"end":{"line":93,"column":22}}},"fnMap":{"0":{"name":"(anonymous_1)","decl":{"start":{"line":14,"column":16},"end":{"line":14,"column":17}},"loc":{"start":{"line":14,"column":53},"end":{"line":14,"column":93}}},"1":{"name":"(anonymous_2)","decl":{"start":{"line":21,"column":2},"end":{"line":21,"column":3}},"loc":{"start":{"line":21,"column":39},"end":{"line":21,"column":79}}},"2":{"name":"(anonymous_3)","decl":{"start":{"line":50,"column":2},"end":{"line":50,"column":3}},"loc":{"start":{"line":50,"column":39},"end":{"line":50,"column":78}}},"3":{"name":"(anonymous_4)","decl":{"start":{"line":82,"column":2},"end":{"line":82,"column":3}},"loc":{"start":{"line":82,"column":39},"end":{"line":82,"column":78}}},"4":{"name":"(anonymous_5)","decl":{"start":{"line":90,"column":2},"end":{"line":90,"column":3}},"loc":{"start":{"line":90,"column":39},"end":{"line":90,"column":78}}}},"branchMap":{},"s":{"0":2,"1":2,"2":2,"3":2,"4":2,"5":2,"6":2,"7":2,"8":2,"9":3,"10":2,"11":4,"12":2,"13":3,"14":2,"15":5,"16":2,"17":3,"18":2},"f":{"0":3,"1":4,"2":3,"3":5,"4":3},"b":{}}
,"/mnt/c/Users/Mateo/Desktop/api-users-wallets/src/services/user.service.ts": {"path":"/mnt/c/Users/Mateo/Desktop/api-users-wallets/src/services/user.service.ts","statementMap":{"0":{"start":{"line":1,"column":0},"end":{"line":1,"column":54}},"1":{"start":{"line":2,"column":0},"end":{"line":2,"column":40}},"2":{"start":{"line":3,"column":0},"end":{"line":3,"column":30}},"3":{"start":{"line":4,"column":0},"end":{"line":4,"column":50}},"4":{"start":{"line":25,"column":10},"end":{"line":25,"column":61}},"5":{"start":{"line":29,"column":25},"end":{"line":31,"column":6}},"6":{"start":{"line":33,"column":4},"end":{"line":35,"column":5}},"7":{"start":{"line":34,"column":6},"end":{"line":34,"column":61}},"8":{"start":{"line":38,"column":27},"end":{"line":38,"column":67}},"9":{"start":{"line":41,"column":17},"end":{"line":44,"column":6}},"10":{"start":{"line":46,"column":4},"end":{"line":46,"column":48}},"11":{"start":{"line":51,"column":17},"end":{"line":53,"column":6}},"12":{"start":{"line":55,"column":4},"end":{"line":57,"column":5}},"13":{"start":{"line":56,"column":6},"end":{"line":56,"column":51}},"14":{"start":{"line":60,"column":28},"end":{"line":60,"column":85}},"15":{"start":{"line":61,"column":4},"end":{"line":63,"column":5}},"16":{"start":{"line":62,"column":6},"end":{"line":62,"column":51}},"17":{"start":{"line":66,"column":18},"end":{"line":66,"column":40}},"18":{"start":{"line":68,"column":4},"end":{"line":74,"column":6}},"19":{"start":{"line":78,"column":17},"end":{"line":78,"column":48}},"20":{"start":{"line":79,"column":18},"end":{"line":79,"column":40}},"21":{"start":{"line":81,"column":4},"end":{"line":87,"column":6}},"22":{"start":{"line":91,"column":4},"end":{"line":91,"column":64}},"23":{"start":{"line":95,"column":4},"end":{"line":95,"column":67}},"24":{"start":{"line":24,"column":0},"end":{"line":24,"column":13}}},"fnMap":{"0":{"name":"(anonymous_1)","decl":{"start":{"line":24,"column":0},"end":{"line":24,"column":13}},"loc":{"start":{"line":24,"column":0},"end":{"line":97,"column":1}}},"1":{"name":"(anonymous_2)","decl":{"start":{"line":27,"column":2},"end":{"line":27,"column":7}},"loc":{"start":{"line":27,"column":44},"end":{"line":47,"column":3}}},"2":{"name":"(anonymous_3)","decl":{"start":{"line":49,"column":2},"end":{"line":49,"column":7}},"loc":{"start":{"line":49,"column":39},"end":{"line":75,"column":3}}},"3":{"name":"(anonymous_4)","decl":{"start":{"line":77,"column":2},"end":{"line":77,"column":7}},"loc":{"start":{"line":77,"column":40},"end":{"line":88,"column":3}}},"4":{"name":"(anonymous_5)","decl":{"start":{"line":90,"column":2},"end":{"line":90,"column":7}},"loc":{"start":{"line":90,"column":27},"end":{"line":92,"column":3}}},"5":{"name":"(anonymous_6)","decl":{"start":{"line":94,"column":2},"end":{"line":94,"column":7}},"loc":{"start":{"line":94,"column":33},"end":{"line":96,"column":3}}}},"branchMap":{"0":{"loc":{"start":{"line":33,"column":4},"end":{"line":35,"column":5}},"type":"if","locations":[{"start":{"line":33,"column":4},"end":{"line":35,"column":5}},{"start":{},"end":{}}]},"1":{"loc":{"start":{"line":55,"column":4},"end":{"line":57,"column":5}},"type":"if","locations":[{"start":{"line":55,"column":4},"end":{"line":57,"column":5}},{"start":{},"end":{}}]},"2":{"loc":{"start":{"line":61,"column":4},"end":{"line":63,"column":5}},"type":"if","locations":[{"start":{"line":61,"column":4},"end":{"line":63,"column":5}},{"start":{},"end":{}}]}},"s":{"0":3,"1":3,"2":3,"3":3,"4":18,"5":10,"6":10,"7":3,"8":7,"9":7,"10":7,"11":9,"12":9,"13":2,"14":7,"15":7,"16":2,"17":5,"18":5,"19":5,"20":3,"21":3,"22":2,"23":2,"24":3},"f":{"0":18,"1":10,"2":9,"3":5,"4":2,"5":2},"b":{"0":[3,7],"1":[2,7],"2":[2,5]}}
,"/mnt/c/Users/Mateo/Desktop/api-users-wallets/src/services/wallet.service.ts": {"path":"/mnt/c/Users/Mateo/Desktop/api-users-wallets/src/services/wallet.service.ts","statementMap":{"0":{"start":{"line":1,"column":0},"end":{"line":1,"column":54}},"1":{"start":{"line":2,"column":0},"end":{"line":2,"column":44}},"2":{"start":{"line":3,"column":0},"end":{"line":3,"column":40}},"3":{"start":{"line":19,"column":10},"end":{"line":19,"column":65}},"4":{"start":{"line":20,"column":10},"end":{"line":20,"column":61}},"5":{"start":{"line":24,"column":17},"end":{"line":26,"column":6}},"6":{"start":{"line":28,"column":4},"end":{"line":30,"column":5}},"7":{"start":{"line":29,"column":6},"end":{"line":29,"column":40}},"8":{"start":{"line":33,"column":27},"end":{"line":35,"column":6}},"9":{"start":{"line":37,"column":4},"end":{"line":39,"column":5}},"10":{"start":{"line":38,"column":6},"end":{"line":38,"column":55}},"11":{"start":{"line":42,"column":19},"end":{"line":47,"column":6}},"12":{"start":{"line":49,"column":4},"end":{"line":49,"column":52}},"13":{"start":{"line":53,"column":19},"end":{"line":56,"column":6}},"14":{"start":{"line":58,"column":4},"end":{"line":60,"column":5}},"15":{"start":{"line":59,"column":6},"end":{"line":59,"column":42}},"16":{"start":{"line":62,"column":4},"end":{"line":64,"column":5}},"17":{"start":{"line":63,"column":6},"end":{"line":63,"column":39}},"18":{"start":{"line":66,"column":4},"end":{"line":66,"column":18}},"19":{"start":{"line":70,"column":4},"end":{"line":73,"column":7}},"20":{"start":{"line":77,"column":19},"end":{"line":77,"column":55}},"21":{"start":{"line":80,"column":4},"end":{"line":88,"column":5}},"22":{"start":{"line":81,"column":29},"end":{"line":83,"column":8}},"23":{"start":{"line":85,"column":6},"end":{"line":87,"column":7}},"24":{"start":{"line":86,"column":8},"end":{"line":86,"column":57}},"25":{"start":{"line":91,"column":4},"end":{"line":91,"column":38}},"26":{"start":{"line":92,"column":4},"end":{"line":92,"column":52}},"27":{"start":{"line":96,"column":19},"end":{"line":96,"column":55}},"28":{"start":{"line":97,"column":4},"end":{"line":97,"column":47}},"29":{"start":{"line":18,"column":0},"end":{"line":18,"column":13}}},"fnMap":{"0":{"name":"(anonymous_0)","decl":{"start":{"line":18,"column":0},"end":{"line":18,"column":13}},"loc":{"start":{"line":18,"column":0},"end":{"line":99,"column":1}}},"1":{"name":"(anonymous_1)","decl":{"start":{"line":22,"column":2},"end":{"line":22,"column":7}},"loc":{"start":{"line":22,"column":50},"end":{"line":50,"column":3}}},"2":{"name":"(anonymous_2)","decl":{"start":{"line":52,"column":2},"end":{"line":52,"column":7}},"loc":{"start":{"line":52,"column":48},"end":{"line":67,"column":3}}},"3":{"name":"(anonymous_3)","decl":{"start":{"line":69,"column":2},"end":{"line":69,"column":7}},"loc":{"start":{"line":69,"column":41},"end":{"line":74,"column":3}}},"4":{"name":"(anonymous_4)","decl":{"start":{"line":76,"column":2},"end":{"line":76,"column":7}},"loc":{"start":{"line":76,"column":78},"end":{"line":93,"column":3}}},"5":{"name":"(anonymous_5)","decl":{"start":{"line":95,"column":2},"end":{"line":95,"column":7}},"loc":{"start":{"line":95,"column":47},"end":{"line":98,"column":3}}}},"branchMap":{"0":{"loc":{"start":{"line":28,"column":4},"end":{"line":30,"column":5}},"type":"if","locations":[{"start":{"line":28,"column":4},"end":{"line":30,"column":5}},{"start":{},"end":{}}]},"1":{"loc":{"start":{"line":37,"column":4},"end":{"line":39,"column":5}},"type":"if","locations":[{"start":{"line":37,"column":4},"end":{"line":39,"column":5}},{"start":{},"end":{}}]},"2":{"loc":{"start":{"line":44,"column":11},"end":{"line":44,"column":33}},"type":"binary-expr","locations":[{"start":{"line":44,"column":11},"end":{"line":44,"column":25}},{"start":{"line":44,"column":29},"end":{"line":44,"column":33}}]},"3":{"loc":{"start":{"line":58,"column":4},"end":{"line":60,"column":5}},"type":"if","locations":[{"start":{"line":58,"column":4},"end":{"line":60,"column":5}},{"start":{},"end":{}}]},"4":{"loc":{"start":{"line":62,"column":4},"end":{"line":64,"column":5}},"type":"if","locations":[{"start":{"line":62,"column":4},"end":{"line":64,"column":5}},{"start":{},"end":{}}]},"5":{"loc":{"start":{"line":80,"column":4},"end":{"line":88,"column":5}},"type":"if","locations":[{"start":{"line":80,"column":4},"end":{"line":88,"column":5}},{"start":{},"end":{}}]},"6":{"loc":{"start":{"line":80,"column":8},"end":{"line":80,"column":67}},"type":"binary-expr","locations":[{"start":{"line":80,"column":8},"end":{"line":80,"column":26}},{"start":{"line":80,"column":30},"end":{"line":80,"column":67}}]},"7":{"loc":{"start":{"line":85,"column":6},"end":{"line":87,"column":7}},"type":"if","locations":[{"start":{"line":85,"column":6},"end":{"line":87,"column":7}},{"start":{},"end":{}}]}},"s":{"0":3,"1":3,"2":3,"3":22,"4":22,"5":8,"6":8,"7":1,"8":7,"9":7,"10":3,"11":4,"12":4,"13":24,"14":24,"15":8,"16":16,"17":6,"18":10,"19":6,"20":10,"21":6,"22":3,"23":3,"24":1,"25":5,"26":5,"27":6,"28":2,"29":3},"f":{"0":22,"1":8,"2":24,"3":6,"4":10,"5":6},"b":{"0":[1,7],"1":[3,4],"2":[4,2],"3":[8,16],"4":[6,10],"5":[3,3],"6":[6,4],"7":[1,2]}}
,"/mnt/c/Users/Mateo/Desktop/api-users-wallets/src/utils/jwt.util.ts": {"path":"/mnt/c/Users/Mateo/Desktop/api-users-wallets/src/utils/jwt.util.ts","statementMap":{"0":{"start":{"line":1,"column":0},"end":{"line":1,"column":48}},"1":{"start":{"line":3,"column":19},"end":{"line":3,"column":88}},"2":{"start":{"line":4,"column":23},"end":{"line":4,"column":58}},"3":{"start":{"line":10,"column":29},"end":{"line":16,"column":1}},"4":{"start":{"line":12,"column":31},"end":{"line":14,"column":4}},"5":{"start":{"line":15,"column":2},"end":{"line":15,"column":51}},"6":{"start":{"line":10,"column":13},"end":{"line":10,"column":29}},"7":{"start":{"line":18,"column":27},"end":{"line":20,"column":1}},"8":{"start":{"line":19,"column":2},"end":{"line":19,"column":53}},"9":{"start":{"line":18,"column":13},"end":{"line":18,"column":27}}},"fnMap":{"0":{"name":"(anonymous_1)","decl":{"start":{"line":10,"column":29},"end":{"line":10,"column":30}},"loc":{"start":{"line":10,"column":56},"end":{"line":16,"column":1}}},"1":{"name":"(anonymous_2)","decl":{"start":{"line":18,"column":27},"end":{"line":18,"column":28}},"loc":{"start":{"line":18,"column":57},"end":{"line":20,"column":1}}}},"branchMap":{"0":{"loc":{"start":{"line":3,"column":19},"end":{"line":3,"column":88}},"type":"binary-expr","locations":[{"start":{"line":3,"column":19},"end":{"line":3,"column":41}},{"start":{"line":3,"column":45},"end":{"line":3,"column":88}}]},"1":{"loc":{"start":{"line":4,"column":23},"end":{"line":4,"column":58}},"type":"binary-expr","locations":[{"start":{"line":4,"column":23},"end":{"line":4,"column":49}},{"start":{"line":4,"column":53},"end":{"line":4,"column":58}}]}},"s":{"0":3,"1":3,"2":3,"3":3,"4":52,"5":52,"6":3,"7":3,"8":23,"9":3},"f":{"0":52,"1":23},"b":{"0":[3,3],"1":[3,3]}}
,"/mnt/c/Users/Mateo/Desktop/api-users-wallets/src/utils/token-blacklist.util.ts": {"path":"/mnt/c/Users/Mateo/Desktop/api-users-wallets/src/utils/token-blacklist.util.ts","statementMap":{"0":{"start":{"line":12,"column":26},"end":{"line":12,"column":43}},"1":{"start":{"line":18,"column":30},"end":{"line":20,"column":1}},"2":{"start":{"line":19,"column":2},"end":{"line":19,"column":31}},"3":{"start":{"line":18,"column":13},"end":{"line":18,"column":30}},"4":{"start":{"line":27,"column":34},"end":{"line":29,"column":1}},"5":{"start":{"line":28,"column":2},"end":{"line":28,"column":38}},"6":{"start":{"line":27,"column":13},"end":{"line":27,"column":34}},"7":{"start":{"line":35,"column":35},"end":{"line":37,"column":1}},"8":{"start":{"line":36,"column":2},"end":{"line":36,"column":34}},"9":{"start":{"line":35,"column":13},"end":{"line":35,"column":35}},"10":{"start":{"line":42,"column":30},"end":{"line":44,"column":1}},"11":{"start":{"line":43,"column":2},"end":{"line":43,"column":28}},"12":{"start":{"line":42,"column":13},"end":{"line":42,"column":30}},"13":{"start":{"line":50,"column":32},"end":{"line":52,"column":1}},"14":{"start":{"line":51,"column":2},"end":{"line":51,"column":32}},"15":{"start":{"line":50,"column":13},"end":{"line":50,"column":32}}},"fnMap":{"0":{"name":"(anonymous_0)","decl":{"start":{"line":18,"column":30},"end":{"line":18,"column":31}},"loc":{"start":{"line":18,"column":54},"end":{"line":20,"column":1}}},"1":{"name":"(anonymous_1)","decl":{"start":{"line":27,"column":34},"end":{"line":27,"column":35}},"loc":{"start":{"line":27,"column":61},"end":{"line":29,"column":1}}},"2":{"name":"(anonymous_2)","decl":{"start":{"line":35,"column":35},"end":{"line":35,"column":36}},"loc":{"start":{"line":35,"column":59},"end":{"line":37,"column":1}}},"3":{"name":"(anonymous_3)","decl":{"start":{"line":42,"column":30},"end":{"line":42,"column":39}},"loc":{"start":{"line":42,"column":41},"end":{"line":44,"column":1}}},"4":{"name":"(anonymous_4)","decl":{"start":{"line":50,"column":32},"end":{"line":50,"column":43}},"loc":{"start":{"line":50,"column":45},"end":{"line":52,"column":1}}}},"branchMap":{},"s":{"0":5,"1":5,"2":1,"3":5,"4":5,"5":24,"6":5,"7":5,"8":0,"9":5,"10":5,"11":78,"12":5,"13":5,"14":0,"15":5},"f":{"0":1,"1":24,"2":0,"3":78,"4":0},"b":{}}
}
