{"total": {"lines":{"total":259,"covered":237,"skipped":0,"pct":91.5},"statements":{"total":281,"covered":259,"skipped":0,"pct":92.17},"functions":{"total":45,"covered":40,"skipped":0,"pct":88.88},"branches":{"total":94,"covered":63,"skipped":0,"pct":67.02},"branchesTrue":{"total":0,"covered":0,"skipped":0,"pct":100}}
,"/mnt/c/Users/Mateo/Desktop/api-users-wallets/src/app.ts": {"lines":{"total":17,"covered":15,"skipped":0,"pct":88.23},"functions":{"total":2,"covered":0,"skipped":0,"pct":0},"statements":{"total":17,"covered":15,"skipped":0,"pct":88.23},"branches":{"total":0,"covered":0,"skipped":0,"pct":100}}
,"/mnt/c/Users/Mateo/Desktop/api-users-wallets/src/controllers/user.controller.ts": {"lines":{"total":21,"covered":20,"skipped":0,"pct":95.23},"functions":{"total":3,"covered":3,"skipped":0,"pct":100},"statements":{"total":21,"covered":20,"skipped":0,"pct":95.23},"branches":{"total":10,"covered":5,"skipped":0,"pct":50}}
,"/mnt/c/Users/Mateo/Desktop/api-users-wallets/src/controllers/wallet.controller.ts": {"lines":{"total":58,"covered":49,"skipped":0,"pct":84.48},"functions":{"total":5,"covered":5,"skipped":0,"pct":100},"statements":{"total":61,"covered":52,"skipped":0,"pct":85.24},"branches":{"total":38,"covered":19,"skipped":0,"pct":50}}
,"/mnt/c/Users/Mateo/Desktop/api-users-wallets/src/entities/User.ts": {"lines":{"total":10,"covered":10,"skipped":0,"pct":100},"functions":{"total":2,"covered":2,"skipped":0,"pct":100},"statements":{"total":13,"covered":13,"skipped":0,"pct":100},"branches":{"total":0,"covered":0,"skipped":0,"pct":100}}
,"/mnt/c/Users/Mateo/Desktop/api-users-wallets/src/entities/Wallet.ts": {"lines":{"total":12,"covered":12,"skipped":0,"pct":100},"functions":{"total":2,"covered":2,"skipped":0,"pct":100},"statements":{"total":15,"covered":15,"skipped":0,"pct":100},"branches":{"total":0,"covered":0,"skipped":0,"pct":100}}
,"/mnt/c/Users/Mateo/Desktop/api-users-wallets/src/middleware/auth.middleware.ts": {"lines":{"total":23,"covered":19,"skipped":0,"pct":82.6},"functions":{"total":1,"covered":1,"skipped":0,"pct":100},"statements":{"total":24,"covered":20,"skipped":0,"pct":83.33},"branches":{"total":10,"covered":9,"skipped":0,"pct":90}}
,"/mnt/c/Users/Mateo/Desktop/api-users-wallets/src/middleware/error.middleware.ts": {"lines":{"total":5,"covered":1,"skipped":0,"pct":20},"functions":{"total":1,"covered":0,"skipped":0,"pct":0},"statements":{"total":6,"covered":2,"skipped":0,"pct":33.33},"branches":{"total":6,"covered":0,"skipped":0,"pct":0}}
,"/mnt/c/Users/Mateo/Desktop/api-users-wallets/src/middleware/validate.middleware.ts": {"lines":{"total":8,"covered":8,"skipped":0,"pct":100},"functions":{"total":2,"covered":2,"skipped":0,"pct":100},"statements":{"total":10,"covered":10,"skipped":0,"pct":100},"branches":{"total":4,"covered":4,"skipped":0,"pct":100}}
,"/mnt/c/Users/Mateo/Desktop/api-users-wallets/src/routes/user.routes.ts": {"lines":{"total":13,"covered":13,"skipped":0,"pct":100},"functions":{"total":3,"covered":3,"skipped":0,"pct":100},"statements":{"total":14,"covered":14,"skipped":0,"pct":100},"branches":{"total":0,"covered":0,"skipped":0,"pct":100}}
,"/mnt/c/Users/Mateo/Desktop/api-users-wallets/src/routes/wallet.routes.ts": {"lines":{"total":18,"covered":18,"skipped":0,"pct":100},"functions":{"total":5,"covered":5,"skipped":0,"pct":100},"statements":{"total":19,"covered":19,"skipped":0,"pct":100},"branches":{"total":0,"covered":0,"skipped":0,"pct":100}}
,"/mnt/c/Users/Mateo/Desktop/api-users-wallets/src/services/user.service.ts": {"lines":{"total":25,"covered":25,"skipped":0,"pct":100},"functions":{"total":6,"covered":6,"skipped":0,"pct":100},"statements":{"total":25,"covered":25,"skipped":0,"pct":100},"branches":{"total":6,"covered":6,"skipped":0,"pct":100}}
,"/mnt/c/Users/Mateo/Desktop/api-users-wallets/src/services/wallet.service.ts": {"lines":{"total":30,"covered":30,"skipped":0,"pct":100},"functions":{"total":6,"covered":6,"skipped":0,"pct":100},"statements":{"total":30,"covered":30,"skipped":0,"pct":100},"branches":{"total":16,"covered":16,"skipped":0,"pct":100}}
,"/mnt/c/Users/Mateo/Desktop/api-users-wallets/src/utils/jwt.util.ts": {"lines":{"total":8,"covered":8,"skipped":0,"pct":100},"functions":{"total":2,"covered":2,"skipped":0,"pct":100},"statements":{"total":10,"covered":10,"skipped":0,"pct":100},"branches":{"total":4,"covered":4,"skipped":0,"pct":100}}
,"/mnt/c/Users/Mateo/Desktop/api-users-wallets/src/utils/token-blacklist.util.ts": {"lines":{"total":11,"covered":9,"skipped":0,"pct":81.81},"functions":{"total":5,"covered":3,"skipped":0,"pct":60},"statements":{"total":16,"covered":14,"skipped":0,"pct":87.5},"branches":{"total":0,"covered":0,"skipped":0,"pct":100}}
}
