TN:
SF:src/app.ts
FN:20,(anonymous_1)
FN:28,(anonymous_2)
FNF:2
FNH:0
FNDA:0,(anonymous_1)
FNDA:0,(anonymous_2)
DA:1,2
DA:2,2
DA:3,2
DA:4,2
DA:5,2
DA:7,2
DA:9,2
DA:12,2
DA:13,2
DA:14,2
DA:17,2
DA:20,2
DA:21,0
DA:25,2
DA:28,2
DA:29,0
DA:32,2
LF:17
LH:15
BRF:0
BRH:0
end_of_record
TN:
SF:src/controllers/user.controller.ts
FN:8,(anonymous_0)
FN:26,(anonymous_1)
FN:44,(anonymous_2)
FNF:3
FNH:3
FNDA:2,(anonymous_0)
FNDA:4,(anonymous_1)
FNDA:1,(anonymous_2)
DA:2,2
DA:3,2
DA:5,2
DA:7,2
DA:9,2
DA:10,2
DA:11,2
DA:13,1
DA:19,1
DA:27,4
DA:28,4
DA:29,4
DA:31,2
DA:37,2
DA:45,1
DA:47,1
DA:49,1
DA:50,1
DA:53,1
DA:56,1
DA:61,0
LF:21
LH:20
BRDA:21,0,0,1
BRDA:21,0,1,0
BRDA:39,1,0,2
BRDA:39,1,1,0
BRDA:49,2,0,1
BRDA:49,2,1,0
BRDA:49,3,0,1
BRDA:49,3,1,1
BRDA:63,4,0,0
BRDA:63,4,1,0
BRF:10
BRH:5
end_of_record
TN:
SF:src/controllers/wallet.controller.ts
FN:8,(anonymous_0)
FN:21,(anonymous_1)
FN:47,(anonymous_2)
FN:80,(anonymous_3)
FN:128,(anonymous_4)
FNF:5
FNH:5
FNDA:3,(anonymous_0)
FNDA:4,(anonymous_1)
FNDA:3,(anonymous_2)
FNDA:5,(anonymous_3)
FNDA:3,(anonymous_4)
DA:2,2
DA:5,2
DA:7,2
DA:9,3
DA:10,3
DA:11,3
DA:12,3
DA:14,0
DA:22,4
DA:23,4
DA:24,4
DA:25,4
DA:26,1
DA:28,3
DA:29,2
DA:33,1
DA:34,1
DA:39,0
DA:48,3
DA:49,3
DA:50,3
DA:52,3
DA:59,2
DA:61,1
DA:62,1
DA:66,0
DA:67,0
DA:72,0
DA:81,5
DA:82,5
DA:83,5
DA:84,5
DA:87,5
DA:88,5
DA:89,5
DA:90,5
DA:93,5
DA:94,1
DA:98,1
DA:101,4
DA:102,2
DA:104,2
DA:105,1
DA:109,1
DA:110,1
DA:114,0
DA:115,0
DA:120,0
DA:129,3
DA:130,3
DA:131,3
DA:133,3
DA:134,1
DA:139,2
DA:140,1
DA:144,1
DA:145,1
DA:150,0
LF:58
LH:49
BRDA:16,0,0,0
BRDA:16,0,1,0
BRDA:28,1,0,2
BRDA:28,1,1,1
BRDA:33,2,0,1
BRDA:33,2,1,0
BRDA:41,3,0,0
BRDA:41,3,1,0
BRDA:61,4,0,1
BRDA:61,4,1,0
BRDA:66,5,0,0
BRDA:66,5,1,0
BRDA:74,6,0,0
BRDA:74,6,1,0
BRDA:88,7,0,1
BRDA:88,7,1,4
BRDA:88,8,0,1
BRDA:88,8,1,0
BRDA:89,9,0,4
BRDA:89,9,1,1
BRDA:90,10,0,1
BRDA:90,10,1,4
BRDA:93,11,0,1
BRDA:93,11,1,4
BRDA:104,12,0,1
BRDA:104,12,1,1
BRDA:109,13,0,1
BRDA:109,13,1,0
BRDA:114,14,0,0
BRDA:114,14,1,0
BRDA:122,15,0,0
BRDA:122,15,1,0
BRDA:139,16,0,1
BRDA:139,16,1,1
BRDA:144,17,0,1
BRDA:144,17,1,0
BRDA:152,18,0,0
BRDA:152,18,1,0
BRF:38
BRH:19
end_of_record
TN:
SF:src/entities/User.ts
FN:21,(anonymous_2)
FN:21,(anonymous_3)
FNF:2
FNH:2
FNDA:5,(anonymous_2)
FNDA:5,(anonymous_3)
DA:1,5
DA:2,5
DA:5,5
DA:7,5
DA:10,5
DA:13,5
DA:16,5
DA:19,5
DA:21,5
DA:22,5
LF:10
LH:10
BRF:0
BRH:0
end_of_record
TN:
SF:src/entities/Wallet.ts
FN:9,(anonymous_2)
FN:9,(anonymous_3)
FNF:2
FNH:2
FNDA:5,(anonymous_2)
FNDA:5,(anonymous_3)
DA:1,5
DA:2,5
DA:5,5
DA:7,5
DA:9,5
DA:11,5
DA:14,5
DA:17,5
DA:20,5
DA:23,5
DA:26,5
DA:29,5
LF:12
LH:12
BRF:0
BRH:0
end_of_record
TN:
SF:src/middleware/auth.middleware.ts
FN:9,(anonymous_0)
FNF:1
FNH:1
FNDA:27,(anonymous_0)
DA:2,2
DA:3,2
DA:9,2
DA:10,27
DA:11,27
DA:13,27
DA:14,3
DA:18,3
DA:21,24
DA:23,24
DA:24,0
DA:28,0
DA:32,24
DA:33,1
DA:37,1
DA:40,23
DA:41,23
DA:42,22
DA:43,22
DA:45,1
DA:49,1
DA:52,0
DA:56,0
LF:23
LH:19
BRDA:13,0,0,3
BRDA:13,0,1,24
BRDA:13,1,0,27
BRDA:13,1,1,24
BRDA:23,2,0,0
BRDA:23,2,1,24
BRDA:23,3,0,24
BRDA:23,3,1,24
BRDA:32,4,0,1
BRDA:32,4,1,23
BRF:10
BRH:9
end_of_record
TN:
SF:src/middleware/error.middleware.ts
FN:7,(anonymous_0)
FNF:1
FNH:0
FNDA:0,(anonymous_0)
DA:7,2
DA:13,0
DA:14,0
DA:16,0
DA:18,0
LF:5
LH:1
BRDA:13,0,0,0
BRDA:13,0,1,0
BRDA:14,1,0,0
BRDA:14,1,1,0
BRDA:20,2,0,0
BRDA:20,2,1,0
BRF:6
BRH:0
end_of_record
TN:
SF:src/middleware/validate.middleware.ts
FN:4,(anonymous_0)
FN:7,(anonymous_1)
FNF:2
FNH:2
FNDA:36,(anonymous_0)
FNDA:21,(anonymous_1)
DA:2,3
DA:4,3
DA:5,36
DA:6,36
DA:7,21
DA:12,14
DA:17,14
DA:19,22
LF:8
LH:8
BRDA:6,0,0,14
BRDA:6,0,1,22
BRDA:8,1,0,20
BRDA:8,1,1,1
BRF:4
BRH:4
end_of_record
TN:
SF:src/routes/user.routes.ts
FN:26,(anonymous_1)
FN:47,(anonymous_2)
FN:51,(anonymous_3)
FNF:3
FNH:3
FNDA:2,(anonymous_1)
FNDA:4,(anonymous_2)
FNDA:1,(anonymous_3)
DA:1,2
DA:2,2
DA:3,2
DA:4,2
DA:5,2
DA:7,2
DA:8,2
DA:11,2
DA:26,2
DA:30,2
DA:47,4
DA:51,2
DA:53,2
LF:13
LH:13
BRF:0
BRH:0
end_of_record
TN:
SF:src/routes/wallet.routes.ts
FN:14,(anonymous_1)
FN:21,(anonymous_2)
FN:50,(anonymous_3)
FN:82,(anonymous_4)
FN:90,(anonymous_5)
FNF:5
FNH:5
FNDA:3,(anonymous_1)
FNDA:4,(anonymous_2)
FNDA:3,(anonymous_3)
FNDA:5,(anonymous_4)
FNDA:3,(anonymous_5)
DA:1,2
DA:2,2
DA:3,2
DA:4,2
DA:5,2
DA:7,2
DA:8,2
DA:11,2
DA:14,3
DA:17,2
DA:21,4
DA:25,2
DA:50,3
DA:54,2
DA:82,5
DA:86,2
DA:90,3
DA:93,2
LF:18
LH:18
BRF:0
BRH:0
end_of_record
TN:
SF:src/services/user.service.ts
FN:24,(anonymous_1)
FN:27,(anonymous_2)
FN:49,(anonymous_3)
FN:77,(anonymous_4)
FN:90,(anonymous_5)
FN:94,(anonymous_6)
FNF:6
FNH:6
FNDA:18,(anonymous_1)
FNDA:10,(anonymous_2)
FNDA:9,(anonymous_3)
FNDA:5,(anonymous_4)
FNDA:2,(anonymous_5)
FNDA:2,(anonymous_6)
DA:1,3
DA:2,3
DA:3,3
DA:4,3
DA:24,3
DA:25,18
DA:29,10
DA:33,10
DA:34,3
DA:38,7
DA:41,7
DA:46,7
DA:51,9
DA:55,9
DA:56,2
DA:60,7
DA:61,7
DA:62,2
DA:66,5
DA:68,5
DA:78,5
DA:79,3
DA:81,3
DA:91,2
DA:95,2
LF:25
LH:25
BRDA:33,0,0,3
BRDA:33,0,1,7
BRDA:55,1,0,2
BRDA:55,1,1,7
BRDA:61,2,0,2
BRDA:61,2,1,5
BRF:6
BRH:6
end_of_record
TN:
SF:src/services/wallet.service.ts
FN:18,(anonymous_0)
FN:22,(anonymous_1)
FN:52,(anonymous_2)
FN:69,(anonymous_3)
FN:76,(anonymous_4)
FN:95,(anonymous_5)
FNF:6
FNH:6
FNDA:22,(anonymous_0)
FNDA:8,(anonymous_1)
FNDA:24,(anonymous_2)
FNDA:6,(anonymous_3)
FNDA:10,(anonymous_4)
FNDA:6,(anonymous_5)
DA:1,3
DA:2,3
DA:3,3
DA:18,3
DA:19,22
DA:20,22
DA:24,8
DA:28,8
DA:29,1
DA:33,7
DA:37,7
DA:38,3
DA:42,4
DA:49,4
DA:53,24
DA:58,24
DA:59,8
DA:62,16
DA:63,6
DA:66,10
DA:70,6
DA:77,10
DA:80,6
DA:81,3
DA:85,3
DA:86,1
DA:91,5
DA:92,5
DA:96,6
DA:97,2
LF:30
LH:30
BRDA:28,0,0,1
BRDA:28,0,1,7
BRDA:37,1,0,3
BRDA:37,1,1,4
BRDA:44,2,0,4
BRDA:44,2,1,2
BRDA:58,3,0,8
BRDA:58,3,1,16
BRDA:62,4,0,6
BRDA:62,4,1,10
BRDA:80,5,0,3
BRDA:80,5,1,3
BRDA:80,6,0,6
BRDA:80,6,1,4
BRDA:85,7,0,1
BRDA:85,7,1,2
BRF:16
BRH:16
end_of_record
TN:
SF:src/utils/jwt.util.ts
FN:10,(anonymous_1)
FN:18,(anonymous_2)
FNF:2
FNH:2
FNDA:52,(anonymous_1)
FNDA:23,(anonymous_2)
DA:1,3
DA:3,3
DA:4,3
DA:10,3
DA:12,52
DA:15,52
DA:18,3
DA:19,23
LF:8
LH:8
BRDA:3,0,0,3
BRDA:3,0,1,3
BRDA:4,1,0,3
BRDA:4,1,1,3
BRF:4
BRH:4
end_of_record
TN:
SF:src/utils/token-blacklist.util.ts
FN:18,(anonymous_0)
FN:27,(anonymous_1)
FN:35,(anonymous_2)
FN:42,(anonymous_3)
FN:50,(anonymous_4)
FNF:5
FNH:3
FNDA:1,(anonymous_0)
FNDA:24,(anonymous_1)
FNDA:0,(anonymous_2)
FNDA:78,(anonymous_3)
FNDA:0,(anonymous_4)
DA:12,5
DA:18,5
DA:19,1
DA:27,5
DA:28,24
DA:35,5
DA:36,0
DA:42,5
DA:43,78
DA:50,5
DA:51,0
LF:11
LH:9
BRF:0
BRH:0
end_of_record
